This is pdfTeX, Version 3.1415926-2.4-1.40.13 (TeX Live 2012/Debian) (format=pdflatex 2013.7.7)  4 OCT 2013 17:45
entering extended mode
 restricted \write18 enabled.
 %&-line parsing enabled.
**EI.tex
(./EI.tex
LaTeX2e <2011/06/27>
Babel <v3.8m> and hyphenation patterns for english, dumylang, nohyphenation, lo
aded.
(/usr/share/texlive/texmf-dist/tex/latex/base/apuntes.cls
Document Class: apuntes 2013/04/20 Note taking class
(/usr/share/texlive/texmf-dist/tex/latex/pdfpages/pdfpages.sty
Package: pdfpages 2012/04/03 v0.4s Insert pages of external PDF documents (AM)

(/usr/share/texlive/texmf-dist/tex/latex/base/ifthen.sty
Package: ifthen 2001/05/26 v1.1c Standard LaTeX ifthen package (DPC)
)
(/usr/share/texlive/texmf-dist/tex/latex/tools/calc.sty
Package: calc 2007/08/22 v4.3 Infix arithmetic (KKT,FJ)
\calc@Acount=\count79
\calc@Bcount=\count80
\calc@Adimen=\dimen102
\calc@Bdimen=\dimen103
\calc@Askip=\skip41
\calc@Bskip=\skip42
LaTeX Info: Redefining \setlength on input line 76.
LaTeX Info: Redefining \addtolength on input line 77.
\calc@Ccount=\count81
\calc@Cskip=\skip43
)
(/usr/share/texlive/texmf-dist/tex/latex/eso-pic/eso-pic.sty
Package: eso-pic 2010/10/06 v2.0c eso-pic (RN)

(/usr/share/texlive/texmf-dist/tex/generic/oberdiek/atbegshi.sty
Package: atbegshi 2011/10/05 v1.16 At begin shipout hook (HO)

(/usr/share/texlive/texmf-dist/tex/generic/oberdiek/infwarerr.sty
Package: infwarerr 2010/04/08 v1.3 Providing info/warning/error messages (HO)
)
(/usr/share/texlive/texmf-dist/tex/generic/oberdiek/ltxcmds.sty
Package: ltxcmds 2011/11/09 v1.22 LaTeX kernel commands for general use (HO)
)
(/usr/share/texlive/texmf-dist/tex/generic/oberdiek/ifpdf.sty
Package: ifpdf 2011/01/30 v2.3 Provides the ifpdf switch (HO)
Package ifpdf Info: pdfTeX in PDF mode is detected.
))
(/usr/share/texlive/texmf-dist/tex/latex/graphics/keyval.sty
Package: keyval 1999/03/16 v1.13 key=value parser (DPC)
\KV@toks@=\toks14
)
(/usr/share/texmf/tex/latex/xcolor/xcolor.sty
Package: xcolor 2007/01/21 v2.11 LaTeX color extensions (UK)

(/usr/share/texlive/texmf-dist/tex/latex/latexconfig/color.cfg
File: color.cfg 2007/01/18 v1.5 color configuration of teTeX/TeXLive
)
Package xcolor Info: Driver file: pdftex.def on input line 225.

(/usr/share/texlive/texmf-dist/tex/latex/pdftex-def/pdftex.def
File: pdftex.def 2011/05/27 v0.06d Graphics/color for pdfTeX
\Gread@gobject=\count82
)
Package xcolor Info: Model `cmy' substituted by `cmy0' on input line 1337.
Package xcolor Info: Model `hsb' substituted by `rgb' on input line 1341.
Package xcolor Info: Model `RGB' extended on input line 1353.
Package xcolor Info: Model `HTML' substituted by `rgb' on input line 1355.
Package xcolor Info: Model `Hsb' substituted by `hsb' on input line 1356.
Package xcolor Info: Model `tHsb' substituted by `hsb' on input line 1357.
Package xcolor Info: Model `HSB' substituted by `hsb' on input line 1358.
Package xcolor Info: Model `Gray' substituted by `gray' on input line 1359.
Package xcolor Info: Model `wave' substituted by `hsb' on input line 1360.
))
(/usr/share/texlive/texmf-dist/tex/latex/graphics/graphicx.sty
Package: graphicx 1999/02/16 v1.0f Enhanced LaTeX Graphics (DPC,SPQR)

(/usr/share/texlive/texmf-dist/tex/latex/graphics/graphics.sty
Package: graphics 2009/02/05 v1.0o Standard LaTeX Graphics (DPC,SPQR)

(/usr/share/texlive/texmf-dist/tex/latex/graphics/trig.sty
Package: trig 1999/03/16 v1.09 sin cos tan (DPC)
)
(/usr/share/texlive/texmf-dist/tex/latex/latexconfig/graphics.cfg
File: graphics.cfg 2010/04/23 v1.9 graphics configuration of TeX Live
)
Package graphics Info: Driver file: pdftex.def on input line 91.
)
\Gin@req@height=\dimen104
\Gin@req@width=\dimen105
)
(/usr/share/texlive/texmf-dist/tex/latex/pdfpages/pppdftex.def
File: pppdftex.def 2012/04/03 v0.4s Pdfpages driver for pdfTeX (AM)
)
\AM@pagebox=\box26
\AM@toc@title=\toks15
\c@AM@survey=\count83
\AM@templatesizebox=\box27
)
(/usr/share/texlive/texmf-dist/tex/latex/base/custombase.cls
Document Class: custombase 2013/04/20 Base class
(/usr/share/texlive/texmf-dist/tex/latex/base/article.cls
Document Class: article 2007/10/19 v1.4h Standard LaTeX document class
(/usr/share/texlive/texmf-dist/tex/latex/base/size12.clo
File: size12.clo 2007/10/19 v1.4h Standard LaTeX file (size option)
)
\c@part=\count84
\c@section=\count85
\c@subsection=\count86
\c@subsubsection=\count87
\c@paragraph=\count88
\c@subparagraph=\count89
\c@figure=\count90
\c@table=\count91
\abovecaptionskip=\skip44
\belowcaptionskip=\skip45
\bibindent=\dimen106
)
(/usr/share/texlive/texmf-dist/tex/latex/geometry/geometry.sty
Package: geometry 2010/09/12 v5.6 Page Geometry

(/usr/share/texlive/texmf-dist/tex/generic/oberdiek/ifvtex.sty
Package: ifvtex 2010/03/01 v1.5 Detect VTeX and its facilities (HO)
Package ifvtex Info: VTeX not detected.
)
(/usr/share/texlive/texmf-dist/tex/generic/ifxetex/ifxetex.sty
Package: ifxetex 2010/09/12 v0.6 Provides ifxetex conditional
)
\Gm@cnth=\count92
\Gm@cntv=\count93
\c@Gm@tempcnt=\count94
\Gm@bindingoffset=\dimen107
\Gm@wd@mp=\dimen108
\Gm@odd@mp=\dimen109
\Gm@even@mp=\dimen110
\Gm@layoutwidth=\dimen111
\Gm@layoutheight=\dimen112
\Gm@layouthoffset=\dimen113
\Gm@layoutvoffset=\dimen114
\Gm@dimlist=\toks16
)
(/usr/share/texlive/texmf-dist/tex/latex/base/inputenc.sty
Package: inputenc 2008/03/30 v1.1d Input encoding file
\inpenc@prehook=\toks17
\inpenc@posthook=\toks18

(/usr/share/texlive/texmf-dist/tex/latex/ucs/utf8x.def
File: utf8x.def 2004/10/17 UCS: Input encoding UTF-8
))
(/usr/share/texlive/texmf-dist/tex/latex/ucs/ucs.sty
Package: ucs 2004/10/17 UCS: Unicode input support

(/usr/share/texlive/texmf-dist/tex/latex/ucs/data/uni-global.def
File: uni-global.def 2012/04/20 UCS: Unicode global data
)
\uc@secondtry=\count95
\uc@combtoks=\toks19
\uc@combtoksb=\toks20
\uc@temptokena=\toks21
)
(/usr/share/texlive/texmf-dist/tex/latex/imakeidx/imakeidx.sty
Package: imakeidx 2012/05/09 v1.1 Package for typesetting indices in a synchron
ous mode

(/usr/share/texlive/texmf-dist/tex/latex/xkeyval/xkeyval.sty
Package: xkeyval 2008/08/13 v2.6a package option processing (HA)

(/usr/share/texlive/texmf-dist/tex/generic/xkeyval/xkeyval.tex
\XKV@toks=\toks22
\XKV@tempa@toks=\toks23
\XKV@depth=\count96
File: xkeyval.tex 2008/08/13 v2.6a key=value parser (HA)
))
(/usr/share/texlive/texmf-dist/tex/latex/tools/multicol.sty
Package: multicol 2011/06/27 v1.7a multicolumn formatting (FMi)
\c@tracingmulticols=\count97
\mult@box=\box28
\multicol@leftmargin=\dimen115
\c@unbalance=\count98
\c@collectmore=\count99
\doublecol@number=\count100
\multicoltolerance=\count101
\multicolpretolerance=\count102
\full@width=\dimen116
\page@free=\dimen117
\premulticols=\dimen118
\postmulticols=\dimen119
\multicolsep=\skip46
\multicolbaselineskip=\skip47
\partial@page=\box29
\last@line=\box30
\mult@rightbox=\box31
\mult@grightbox=\box32
\mult@gfirstbox=\box33
\mult@firstbox=\box34
\@tempa=\box35
\@tempa=\box36
\@tempa=\box37
\@tempa=\box38
\@tempa=\box39
\@tempa=\box40
\@tempa=\box41
\@tempa=\box42
\@tempa=\box43
\@tempa=\box44
\@tempa=\box45
\@tempa=\box46
\@tempa=\box47
\@tempa=\box48
\@tempa=\box49
\@tempa=\box50
\@tempa=\box51
\c@columnbadness=\count103
\c@finalcolumnbadness=\count104
\last@try=\dimen120
\multicolovershoot=\dimen121
\multicolundershoot=\dimen122
\mult@nat@firstbox=\box52
\colbreak@box=\box53
\multicol@sort@counter=\count105
))
(/usr/share/texlive/texmf-dist/tex/latex/titling/titling.sty
Package: titling 2009/09/04 v2.1d maketitle typesetting
\thanksmarkwidth=\skip48
\thanksmargin=\skip49
\droptitle=\skip50
)
(/usr/share/texlive/texmf-dist/tex/latex/fancyhdr/fancyhdr.sty
\fancy@headwidth=\skip51
\f@ncyO@elh=\skip52
\f@ncyO@erh=\skip53
\f@ncyO@olh=\skip54
\f@ncyO@orh=\skip55
\f@ncyO@elf=\skip56
\f@ncyO@erf=\skip57
\f@ncyO@olf=\skip58
\f@ncyO@orf=\skip59
)
(/usr/share/texlive/texmf-dist/tex/latex/lastpage/lastpage.sty
Package: lastpage 2011/09/01 v1.2k Refers to last page's name (HMM; JPG)
)
(/usr/share/texlive/texmf-dist/tex/generic/babel/babel.sty
Package: babel 2008/07/08 v3.8m The Babel package

(/usr/share/texlive/texmf-dist/tex/generic/babel/spanish.ldf
Language: spanish.ldf 2011/10/06 v5.0k Spanish support from the babel system

(/usr/share/texlive/texmf-dist/tex/generic/babel/babel.def
File: babel.def 2008/07/08 v3.8m Babel common definitions
\babel@savecnt=\count106
\U@D=\dimen123
)

Package babel Warning: No hyphenation patterns were loaded for
(babel)                the language `Spanish'
(babel)                I will use the patterns loaded for \language=0 instead.

\l@spanish = a dialect from \language0
\es@datefmt=\count107
\es@quottoks=\toks24
\es@quotdepth=\count108
Package babel Info: Making " an active character on input line 496.
Package babel Info: Making . an active character on input line 599.
Package babel Info: Making < an active character on input line 644.
Package babel Info: Making > an active character on input line 644.
)) (/usr/share/texlive/texmf-dist/tex/latex/amscls/amsthm.sty
Package: amsthm 2009/07/02 v2.20.1
\thm@style=\toks25
\thm@bodyfont=\toks26
\thm@headfont=\toks27
\thm@notefont=\toks28
\thm@headpunct=\toks29
\thm@preskip=\skip60
\thm@postskip=\skip61
\thm@headsep=\skip62
\dth@everypar=\toks30
)
(/usr/share/texlive/texmf-dist/tex/latex/framed/framed.sty
Package: framed 2011/10/22 v 0.96: framed or shaded text with page breaks
\OuterFrameSep=\skip63
\fb@frw=\dimen124
\fb@frh=\dimen125
\FrameRule=\dimen126
\FrameSep=\dimen127
)
(/usr/share/texlive/texmf-dist/tex/latex/mdframed/mdframed.sty
Package: mdframed 2012/04/08 v1.5: mdframed

(/usr/share/texlive/texmf-dist/tex/latex/oberdiek/kvoptions.sty
Package: kvoptions 2011/06/30 v3.11 Key value format for package options (HO)

(/usr/share/texlive/texmf-dist/tex/generic/oberdiek/kvsetkeys.sty
Package: kvsetkeys 2012/04/25 v1.16 Key value parser (HO)

(/usr/share/texlive/texmf-dist/tex/generic/oberdiek/etexcmds.sty
Package: etexcmds 2011/02/16 v1.5 Avoid name clashes with e-TeX commands (HO)

(/usr/share/texlive/texmf-dist/tex/generic/oberdiek/ifluatex.sty
Package: ifluatex 2010/03/01 v1.3 Provides the ifluatex switch (HO)
Package ifluatex Info: LuaTeX not detected.
)
Package etexcmds Info: Could not find \expanded.
(etexcmds)             That can mean that you are not using pdfTeX 1.50 or
(etexcmds)             that some package has redefined \expanded.
(etexcmds)             In the latter case, load this package earlier.
)))
(/usr/share/texlive/texmf-dist/tex/latex/l3packages/xparse/xparse.sty
(/usr/share/texlive/texmf-dist/tex/latex/l3kernel/expl3.sty
(/usr/share/texlive/texmf-dist/tex/latex/l3kernel/l3names.sty
(/usr/share/texlive/texmf-dist/tex/latex/l3kernel/l3bootstrap.sty
Package: l3bootstrap 2011/12/29 v3110 L3 Experimental bootstrap code
)
Package: l3names 2012/03/04 v3494 L3 Experimental namespace for primitives
)
(/usr/share/texlive/texmf-dist/tex/latex/etex-pkg/etex.sty
Package: etex 1998/03/26 v2.0 eTeX basic definition package (PEB)
\et@xins=\count109
)
Package: expl3 2012/04/23 v3570 L3 Experimental code bundle wrapper

(/usr/share/texlive/texmf-dist/tex/latex/l3kernel/l3basics.sty
Package: l3basics 2012/03/04 v3491 L3 Experimental basic definitions
)
(/usr/share/texlive/texmf-dist/tex/latex/l3kernel/l3expan.sty
Package: l3expan 2012/02/26 v3460 L3 Experimental argument expansion
)
(/usr/share/texlive/texmf-dist/tex/latex/l3kernel/l3tl.sty
Package: l3tl 2012/03/04 v3490 L3 Experimental token lists
)
(/usr/share/texlive/texmf-dist/tex/latex/l3kernel/l3seq.sty
Package: l3seq 2012/03/04 v3490 L3 Experimental sequences and stacks
)
(/usr/share/texlive/texmf-dist/tex/latex/l3kernel/l3int.sty
Package: l3int 2012/03/04 v3490 L3 Experimental integers
\c_max_int=\count110
\l_tmpa_int=\count111
\l_tmpb_int=\count112
\l_tmpc_int=\count113
\g_tmpa_int=\count114
\g_tmpb_int=\count115
)
(/usr/share/texlive/texmf-dist/tex/latex/l3kernel/l3quark.sty
Package: l3quark 2012/02/12 v3384 L3 Experimental quarks
)
(/usr/share/texlive/texmf-dist/tex/latex/l3kernel/l3prg.sty
Package: l3prg 2012/03/04 v3490 L3 Experimental control structures
\g_prg_map_int=\count116
)
(/usr/share/texlive/texmf-dist/tex/latex/l3kernel/l3clist.sty
Package: l3clist 2012/03/04 v3490 L3 Experimental comma separated lists
)
(/usr/share/texlive/texmf-dist/tex/latex/l3kernel/l3token.sty
Package: l3token 2012/03/04 v3491 L3 Experimental token manipulation
)
(/usr/share/texlive/texmf-dist/tex/latex/l3kernel/l3prop.sty
Package: l3prop 2012/03/04 v3490 L3 Experimental property lists
)
(/usr/share/texlive/texmf-dist/tex/latex/l3kernel/l3msg.sty
Package: l3msg 2012/04/23 v3568 L3 Experimental messages
)
(/usr/share/texlive/texmf-dist/tex/latex/l3kernel/l3file.sty
Package: l3file 2012/03/09 v3520 L3 Experimental file and I/O operations
\l_iow_stream_int=\count117
\l_iow_line_length_int=\count118
\l_iow_target_length_int=\count119
\l_iow_current_line_int=\count120
\l_iow_current_word_int=\count121
\l_iow_current_indentation_int=\count122
)
(/usr/share/texlive/texmf-dist/tex/latex/l3kernel/l3skip.sty
Package: l3skip 2012/03/05 v3499 L3 Experimental dimensions and skips
\l_tmpa_dim=\dimen128
\l_tmpb_dim=\dimen129
\l_tmpc_dim=\dimen130
\g_tmpa_dim=\dimen131
\g_tmpb_dim=\dimen132
\l_tmpa_skip=\skip64
\l_tmpb_skip=\skip65
\l_tmpc_skip=\skip66
\g_tmpa_skip=\skip67
\g_tmpb_skip=\skip68
)
(/usr/share/texlive/texmf-dist/tex/latex/l3kernel/l3keys.sty
Package: l3keys 2012/03/03 v3487 L3 Experimental key-value interfaces
\g_keyval_level_int=\count123
\l_keys_choice_int=\count124
)
(/usr/share/texlive/texmf-dist/tex/latex/l3kernel/l3fp.sty
Package: l3fp 2012/03/04 v3490 L3 Experimental floating-point operations
\c_one_million=\count125
\c_one_hundred_million=\count126
\c_five_hundred_million=\count127
\c_one_thousand_million=\count128
\c_fp_pi_by_four_decimal_int=\count129
\c_fp_pi_by_four_extended_int=\count130
\c_fp_pi_decimal_int=\count131
\c_fp_pi_extended_int=\count132
\c_fp_two_pi_decimal_int=\count133
\c_fp_two_pi_extended_int=\count134
\l_fp_count_int=\count135
\l_fp_div_offset_int=\count136
\l_fp_exp_integer_int=\count137
\l_fp_exp_decimal_int=\count138
\l_fp_exp_extended_int=\count139
\l_fp_exp_exponent_int=\count140
\l_fp_input_a_sign_int=\count141
\l_fp_input_a_integer_int=\count142
\l_fp_input_a_decimal_int=\count143
\l_fp_input_a_exponent_int=\count144
\l_fp_input_b_sign_int=\count145
\l_fp_input_b_integer_int=\count146
\l_fp_input_b_decimal_int=\count147
\l_fp_input_b_exponent_int=\count148
\l_fp_input_a_extended_int=\count149
\l_fp_input_b_extended_int=\count150
\l_fp_mul_a_i_int=\count151
\l_fp_mul_a_ii_int=\count152
\l_fp_mul_a_iii_int=\count153
\l_fp_mul_a_iv_int=\count154
\l_fp_mul_a_v_int=\count155
\l_fp_mul_a_vi_int=\count156
\l_fp_mul_b_i_int=\count157
\l_fp_mul_b_ii_int=\count158
\l_fp_mul_b_iii_int=\count159
\l_fp_mul_b_iv_int=\count160
\l_fp_mul_b_v_int=\count161
\l_fp_mul_b_vi_int=\count162
\l_fp_mul_output_int=\count163
\l_fp_output_sign_int=\count164
\l_fp_output_integer_int=\count165
\l_fp_output_decimal_int=\count166
\l_fp_output_exponent_int=\count167
\l_fp_output_extended_int=\count168
\l_fp_round_position_int=\count169
\l_fp_round_target_int=\count170
\l_fp_split_sign_int=\count171
\l_fp_internal_int=\count172
\l_fp_trig_octant_int=\count173
\l_fp_trig_sign_int=\count174
\l_fp_trig_decimal_int=\count175
\l_fp_trig_extended_int=\count176
\l_fp_internal_dim=\dimen133
\l_fp_internal_skip=\skip69
)
(/usr/share/texlive/texmf-dist/tex/latex/l3kernel/l3box.sty
Package: l3box 2012/03/04 v3490 L3 Experimental boxes
\l_tmpb_box=\box54
\l_box_top_dim=\dimen134
\l_box_bottom_dim=\dimen135
\l_box_left_dim=\dimen136
\l_box_right_dim=\dimen137
\l_box_top_new_dim=\dimen138
\l_box_bottom_new_dim=\dimen139
\l_box_left_new_dim=\dimen140
\l_box_right_new_dim=\dimen141
\l_box_internal_box=\box55
)
(/usr/share/texlive/texmf-dist/tex/latex/l3kernel/l3coffins.sty
Package: l3coffins 2012/03/03 v3482 L3 Experimental coffin code layer
\l_coffin_internal_box=\box56
\l_coffin_internal_dim=\dimen142
\l_coffin_offset_x_dim=\dimen143
\l_coffin_offset_y_dim=\dimen144
\l_coffin_x_dim=\dimen145
\l_coffin_y_dim=\dimen146
\l_coffin_x_prime_dim=\dimen147
\l_coffin_y_prime_dim=\dimen148
\l_coffin_Depth_dim=\dimen149
\l_coffin_Height_dim=\dimen150
\l_coffin_TotalHeight_dim=\dimen151
\l_coffin_Width_dim=\dimen152
\c_empty_coffin=\box57
\l_coffin_aligned_coffin=\box58
\l_coffin_aligned_internal_coffin=\box59
\l_coffin_bounding_shift_dim=\dimen153
\l_coffin_left_corner_dim=\dimen154
\l_coffin_right_corner_dim=\dimen155
\l_coffin_bottom_corner_dim=\dimen156
\l_coffin_top_corner_dim=\dimen157
\l_coffin_scaled_total_height_dim=\dimen158
\l_coffin_scaled_width_dim=\dimen159
\l_coffin_display_coffin=\box60
\l_coffin_display_coord_coffin=\box61
\l_coffin_display_pole_coffin=\box62
\l_coffin_display_offset_dim=\dimen160
\l_coffin_display_x_dim=\dimen161
\l_coffin_display_y_dim=\dimen162
)
(/usr/share/texlive/texmf-dist/tex/latex/l3kernel/l3color.sty
Package: l3color 2011/09/07 v2776 L3 Experimental colour support
)
(/usr/share/texlive/texmf-dist/tex/latex/l3kernel/l3luatex.sty
Package: l3luatex 2012/02/09 v3355 L3 Experimental LuaTeX-specific functions
\g_cctab_allocate_int=\count177
\g_cctab_stack_int=\count178
))
Package: xparse 2012/04/23 v3570 L3 Experimental document command parser
\l_xparse_current_arg_int=\count179
\l_xparse_m_args_int=\count180
\l_xparse_mandatory_args_int=\count181
\l_xparse_processor_int=\count182
\l_xparse_v_nesting_int=\count183
)
(/usr/share/texlive/texmf-dist/tex/latex/etoolbox/etoolbox.sty
Package: etoolbox 2011/01/03 v2.1 e-TeX tools for LaTeX
\etb@tempcnta=\count184
)
(/usr/share/texlive/texmf-dist/tex/latex/oberdiek/zref-abspage.sty
Package: zref-abspage 2012/04/04 v2.24 Module abspage for zref (HO)

(/usr/share/texlive/texmf-dist/tex/latex/oberdiek/zref-base.sty
Package: zref-base 2012/04/04 v2.24 Module base for zref (HO)

(/usr/share/texlive/texmf-dist/tex/generic/oberdiek/kvdefinekeys.sty
Package: kvdefinekeys 2011/04/07 v1.3 Define keys (HO)
)
(/usr/share/texlive/texmf-dist/tex/generic/oberdiek/pdftexcmds.sty
Package: pdftexcmds 2011/11/29 v0.20 Utility functions of pdfTeX for LuaTeX (HO
)
Package pdftexcmds Info: LuaTeX not detected.
Package pdftexcmds Info: \pdf@primitive is available.
Package pdftexcmds Info: \pdf@ifprimitive is available.
Package pdftexcmds Info: \pdfdraftmode found.
)
(/usr/share/texlive/texmf-dist/tex/latex/oberdiek/auxhook.sty
Package: auxhook 2011/03/04 v1.3 Hooks for auxiliary files (HO)
)
Package zref Info: New property list: main on input line 759.
Package zref Info: New property: default on input line 760.
Package zref Info: New property: page on input line 761.
)
\c@abspage=\count185
Package zref Info: New property: abspage on input line 62.
)
\mdf@templength=\skip70
\c@mdf@globalstyle@cnt=\count186
\mdf@skipabove@length=\skip71
\mdf@skipbelow@length=\skip72
\mdf@leftmargin@length=\skip73
\mdf@rightmargin@length=\skip74
\mdf@innerleftmargin@length=\skip75
\mdf@innerrightmargin@length=\skip76
\mdf@innertopmargin@length=\skip77
\mdf@innerbottommargin@length=\skip78
\mdf@splittopskip@length=\skip79
\mdf@splitbottomskip@length=\skip80
\mdf@outermargin@length=\skip81
\mdf@innermargin@length=\skip82
\mdf@linewidth@length=\skip83
\mdf@innerlinewidth@length=\skip84
\mdf@middlelinewidth@length=\skip85
\mdf@outerlinewidth@length=\skip86
\mdf@roundcorner@length=\skip87
\mdf@footenotedistance@length=\skip88
\mdf@userdefinedwidth@length=\skip89
\mdf@frametitleaboveskip@length=\skip90
\mdf@frametitlebelowskip@length=\skip91
\mdf@frametitlerulewidth@length=\skip92
\mdf@frametitleleftmargin@length=\skip93
\mdf@frametitlerightmargin@length=\skip94
\mdf@shadowsize@length=\skip95
\mdf@frametitlebox=\box63
\mdf@footnotebox=\box64
\mdf@splitbox@one=\box65
\mdf@splitbox@two=\box66
\mdfsplitboxwidth=\skip96
\mdfsplitboxtotalwidth=\skip97
\mdfsplitboxheight=\skip98
\mdfsplitboxdepth=\skip99
\mdfsplitboxtotalheight=\skip100
\mdfframetitleboxwidth=\skip101
\mdfframetitleboxtotalwidth=\skip102
\mdfframetitleboxheight=\skip103
\mdfframetitleboxdepth=\skip104
\mdfframetitleboxtotalheight=\skip105
\mdffootnoteboxwidth=\skip106
\mdffootnoteboxtotalwidth=\skip107
\mdffootnoteboxheight=\skip108
\mdffootnoteboxdepth=\skip109
\mdffootnoteboxtotalheight=\skip110
\mdftotallinewidth=\skip111
\mdfboundingboxwidth=\skip112
\mdfboundingboxtotalwidth=\skip113
\mdfboundingboxheight=\skip114
\mdfboundingboxdepth=\skip115
\mdfboundingboxtotalheight=\skip116
\mdf@freevspace@length=\skip117
\mdf@horizontalwidthofbox@length=\skip118
\mdf@verticalmarginwhole@length=\skip119
.................................................
. LaTeX info: "xparse/define-command"
. 
. Defining document command \newmdtheoremenv with arg. spec. 'O{} m o m o ' on
. line 501.
.................................................
.................................................
. LaTeX info: "xparse/define-command"
. 
. Defining document command \mdtheorem with arg. spec. ' O{} m o m o ' on line
. 581.
.................................................

(/usr/share/texlive/texmf-dist/tex/latex/mdframed/md-frame-0.mdf
File: md-frame-0.mdf 2012/04/08 v1.5: md-frame-0
)
\c@mdf@zref@counter=\count187
Package zref Info: New property: mdf@pagevalue on input line 782.
\mdf@horizontalspaceofbox=\skip120
)
(/usr/share/texlive/texmf-dist/tex/latex/base/exmath.sty
Package: exmath 2013/04/21 Extended math commands

(/usr/share/texlive/texmf-dist/tex/latex/amsmath/amsmath.sty
Package: amsmath 2000/07/18 v2.13 AMS math features
\@mathmargin=\skip121

For additional information on amsmath, use the `?' option.
(/usr/share/texlive/texmf-dist/tex/latex/amsmath/amstext.sty
Package: amstext 2000/06/29 v2.01

(/usr/share/texlive/texmf-dist/tex/latex/amsmath/amsgen.sty
File: amsgen.sty 1999/11/30 v2.0
\@emptytoks=\toks31
\ex@=\dimen163
))
(/usr/share/texlive/texmf-dist/tex/latex/amsmath/amsbsy.sty
Package: amsbsy 1999/11/29 v1.2d
\pmbraise@=\dimen164
)
(/usr/share/texlive/texmf-dist/tex/latex/amsmath/amsopn.sty
Package: amsopn 1999/12/14 v2.01 operator names
)
\inf@bad=\count188
LaTeX Info: Redefining \frac on input line 211.
\uproot@=\count189
\leftroot@=\count190
LaTeX Info: Redefining \overline on input line 307.
\classnum@=\count191
\DOTSCASE@=\count192
LaTeX Info: Redefining \ldots on input line 379.
LaTeX Info: Redefining \dots on input line 382.
LaTeX Info: Redefining \cdots on input line 467.
\Mathstrutbox@=\box67
\strutbox@=\box68
\big@size=\dimen165
LaTeX Font Info:    Redeclaring font encoding OML on input line 567.
LaTeX Font Info:    Redeclaring font encoding OMS on input line 568.
\macc@depth=\count193
\c@MaxMatrixCols=\count194
\dotsspace@=\muskip10
\c@parentequation=\count195
\dspbrk@lvl=\count196
\tag@help=\toks32
\row@=\count197
\column@=\count198
\maxfields@=\count199
\andhelp@=\toks33
\eqnshift@=\dimen166
\alignsep@=\dimen167
\tagshift@=\dimen168
\tagwidth@=\dimen169
\totwidth@=\dimen170
\lineht@=\dimen171
\@envbody=\toks34
\multlinegap=\skip122
\multlinetaggap=\skip123
\mathdisplay@stack=\toks35
LaTeX Info: Redefining \[ on input line 2666.
LaTeX Info: Redefining \] on input line 2667.
)
(/usr/share/texlive/texmf-dist/tex/latex/amsfonts/amsfonts.sty
Package: amsfonts 2009/06/22 v3.00 Basic AMSFonts support
\symAMSa=\mathgroup4
\symAMSb=\mathgroup5
LaTeX Font Info:    Overwriting math alphabet `\mathfrak' in version `bold'
(Font)                  U/euf/m/n --> U/euf/b/n on input line 96.
)
(/usr/share/texlive/texmf-dist/tex/latex/amsfonts/amssymb.sty
Package: amssymb 2009/06/22 v3.00
)
(/usr/share/texlive/texmf-dist/tex/latex/xargs/xargs.sty
Package: xargs 2008/03/22 v1.1  extended macro definitions  (mpg)
\xargs@max=\count200
\xargs@toksa=\toks36
\xargs@toksb=\toks37
)
(/usr/share/texlive/texmf-dist/tex/latex/tocloft/tocloft.sty
Package: tocloft 2010/10/13 v2.3e parameterised ToC, etc., typesetting
Package tocloft Info: The document has section divisions on input line 43.
\cftparskip=\skip124
\cftbeforetoctitleskip=\skip125
\cftaftertoctitleskip=\skip126
\cftbeforepartskip=\skip127
\cftpartnumwidth=\skip128
\cftpartindent=\skip129
\cftbeforesecskip=\skip130
\cftsecindent=\skip131
\cftsecnumwidth=\skip132
\cftbeforesubsecskip=\skip133
\cftsubsecindent=\skip134
\cftsubsecnumwidth=\skip135
\cftbeforesubsubsecskip=\skip136
\cftsubsubsecindent=\skip137
\cftsubsubsecnumwidth=\skip138
\cftbeforeparaskip=\skip139
\cftparaindent=\skip140
\cftparanumwidth=\skip141
\cftbeforesubparaskip=\skip142
\cftsubparaindent=\skip143
\cftsubparanumwidth=\skip144
\cftbeforeloftitleskip=\skip145
\cftafterloftitleskip=\skip146
\cftbeforefigskip=\skip147
\cftfigindent=\skip148
\cftfignumwidth=\skip149
\c@lofdepth=\count201
Normal \count register pool exhausted, switching to extended pool.
\c@lotdepth=\count277
\cftbeforelottitleskip=\skip150
\cftafterlottitleskip=\skip151
\cftbeforetabskip=\skip152
\cfttabindent=\skip153
\cfttabnumwidth=\skip154
)
(/usr/share/texlive/texmf/tex/latex/bbm.sty
Package: bbm 1999/03/15 V 1.2 provides fonts for set symbols - TH
LaTeX Font Info:    Overwriting math alphabet `\mathbbm' in version `bold'
(Font)                  U/bbm/m/n --> U/bbm/bx/n on input line 33.
LaTeX Font Info:    Overwriting math alphabet `\mathbbmss' in version `bold'
(Font)                  U/bbmss/m/n --> U/bbmss/bx/n on input line 35.
)
\c@thm=\count278
\c@ejr=\count279
\c@apr=\count280
\c@ithm=\count281
\cftbeforeithmskip=\skip155
\cftithmindent=\skip156
\cftithmnumwidth=\skip157
\c@ithmcdepth=\count282
\cftbeforeithmctitleskip=\skip158
\cftafterithmctitleskip=\skip159
)
(/usr/share/texlive/texmf-dist/tex/latex/hyperref/hyperref.sty
Package: hyperref 2012/05/13 v6.82q Hypertext links for LaTeX

(/usr/share/texlive/texmf-dist/tex/generic/oberdiek/hobsub-hyperref.sty
Package: hobsub-hyperref 2012/05/28 v1.13 Bundle oberdiek, subset hyperref (HO)


(/usr/share/texlive/texmf-dist/tex/generic/oberdiek/hobsub-generic.sty
Package: hobsub-generic 2012/05/28 v1.13 Bundle oberdiek, subset generic (HO)
Package: hobsub 2012/05/28 v1.13 Construct package bundles (HO)
Package hobsub Info: Skipping package `infwarerr' (already loaded).
Package hobsub Info: Skipping package `ltxcmds' (already loaded).
Package hobsub Info: Skipping package `ifluatex' (already loaded).
Package hobsub Info: Skipping package `ifvtex' (already loaded).
Package: intcalc 2007/09/27 v1.1 Expandable calculations with integers (HO)
Package hobsub Info: Skipping package `ifpdf' (already loaded).
Package hobsub Info: Skipping package `etexcmds' (already loaded).
Package hobsub Info: Skipping package `kvsetkeys' (already loaded).
Package hobsub Info: Skipping package `kvdefinekeys' (already loaded).
Package hobsub Info: Skipping package `pdftexcmds' (already loaded).
Package: pdfescape 2011/11/25 v1.13 Implements pdfTeX's escape features (HO)
Package: bigintcalc 2012/04/08 v1.3 Expandable calculations on big integers (HO
)
Package: bitset 2011/01/30 v1.1 Handle bit-vector datatype (HO)
Package: uniquecounter 2011/01/30 v1.2 Provide unlimited unique counter (HO)
)
Package hobsub Info: Skipping package `hobsub' (already loaded).
Package: letltxmacro 2010/09/02 v1.4 Let assignment for LaTeX macros (HO)
Package: hopatch 2012/05/28 v1.2 Wrapper for package hooks (HO)
Package: xcolor-patch 2011/01/30 xcolor patch
Package: atveryend 2011/06/30 v1.8 Hooks at the very end of document (HO)
Package hobsub Info: Skipping package `atbegshi' (already loaded).
Package: refcount 2011/10/16 v3.4 Data extraction from label references (HO)
Package: hycolor 2011/01/30 v1.7 Color options for hyperref/bookmark (HO)
)
\@linkdim=\dimen172
\Hy@linkcounter=\count283
\Hy@pagecounter=\count284

(/usr/share/texlive/texmf-dist/tex/latex/hyperref/pd1enc.def
File: pd1enc.def 2012/05/13 v6.82q Hyperref: PDFDocEncoding definition (HO)
)
\Hy@SavedSpaceFactor=\count285

(/usr/share/texlive/texmf-dist/tex/latex/latexconfig/hyperref.cfg
File: hyperref.cfg 2002/06/06 v1.2 hyperref configuration of TeXLive
)
Package hyperref Info: Hyper figures OFF on input line 4062.
Package hyperref Info: Link nesting OFF on input line 4067.
Package hyperref Info: Hyper index ON on input line 4070.
Package hyperref Info: Plain pages OFF on input line 4077.
Package hyperref Info: Backreferencing OFF on input line 4082.
Package hyperref Info: Implicit mode ON; LaTeX internals redefined.
Package hyperref Info: Bookmarks ON on input line 4300.
\c@Hy@tempcnt=\count286

(/usr/share/texlive/texmf-dist/tex/latex/url/url.sty
\Urlmuskip=\muskip11
Package: url 2006/04/12  ver 3.3  Verb mode for urls, etc.
)
LaTeX Info: Redefining \url on input line 4653.
\Fld@menulength=\count287
\Field@Width=\dimen173
\Fld@charsize=\dimen174
Package hyperref Info: Hyper figures OFF on input line 5773.
Package hyperref Info: Link nesting OFF on input line 5778.
Package hyperref Info: Hyper index ON on input line 5781.
Package hyperref Info: backreferencing OFF on input line 5788.
Package hyperref Info: Link coloring OFF on input line 5793.
Package hyperref Info: Link coloring with OCG OFF on input line 5798.
Package hyperref Info: PDF/A mode OFF on input line 5803.
LaTeX Info: Redefining \ref on input line 5843.
LaTeX Info: Redefining \pageref on input line 5847.
\Hy@abspage=\count288
\c@Item=\count289
\c@Hfootnote=\count290
)

Package hyperref Message: Driver (autodetected): hpdftex.

(/usr/share/texlive/texmf-dist/tex/latex/hyperref/hpdftex.def
File: hpdftex.def 2012/05/13 v6.82q Hyperref driver for pdfTeX
\Fld@listcount=\count291
\c@bookmark@seq@number=\count292

(/usr/share/texlive/texmf-dist/tex/latex/oberdiek/rerunfilecheck.sty
Package: rerunfilecheck 2011/04/15 v1.7 Rerun checks for auxiliary files (HO)
Package uniquecounter Info: New unique counter `rerunfilecheck' on input line 2
82.
)
\Hy@SectionHShift=\skip160
)

Package hyperref Warning: Option `hyperindex' has already been used,
(hyperref)                setting the option has no effect on input line 31.

Package hyperref Info: Option `colorlinks' set `true' on input line 31.
(/usr/share/texlive/texmf-dist/tex/latex/base/fontenc.sty
Package: fontenc 2005/09/27 v1.99g Standard LaTeX package

(/usr/share/texlive/texmf-dist/tex/latex/base/t1enc.def
File: t1enc.def 2005/09/27 v1.99g Standard LaTeX file
LaTeX Font Info:    Redeclaring font encoding T1 on input line 43.
)))
(/usr/share/texlive/texmf-dist/tex/latex/ucs/data/uni-0.def
File: uni-0.def 2012/04/20 UCS: Unicode data U+0000..U+00FF
))
\EI@idxfile=\write3
\openout3 = `EI.idx'.


Writing index file EI.idx
(./EI.aux
LaTeX Info: Redefining \. on input line 22.
LaTeX Info: Redefining \% on input line 22.
)
\openout1 = `EI.aux'.

LaTeX Font Info:    Checking defaults for OML/cmm/m/it on input line 6.
LaTeX Font Info:    ... okay on input line 6.
LaTeX Font Info:    Checking defaults for T1/cmr/m/n on input line 6.
LaTeX Font Info:    ... okay on input line 6.
LaTeX Font Info:    Checking defaults for OT1/cmr/m/n on input line 6.
LaTeX Font Info:    ... okay on input line 6.
LaTeX Font Info:    Checking defaults for OMS/cmsy/m/n on input line 6.
LaTeX Font Info:    ... okay on input line 6.
LaTeX Font Info:    Checking defaults for OMX/cmex/m/n on input line 6.
LaTeX Font Info:    ... okay on input line 6.
LaTeX Font Info:    Checking defaults for U/cmr/m/n on input line 6.
LaTeX Font Info:    ... okay on input line 6.
LaTeX Font Info:    Checking defaults for PD1/pdf/m/n on input line 6.
LaTeX Font Info:    ... okay on input line 6.
LaTeX Font Info:    Try loading font information for T1+cmss on input line 6.
 (/usr/share/texlive/texmf-dist/tex/latex/base/t1cmss.fd
File: t1cmss.fd 1999/05/25 v2.5h Standard LaTeX font definitions
)
\AtBeginShipoutBox=\box69

(/usr/share/texlive/texmf-dist/tex/context/base/supp-pdf.mkii
[Loading MPS to PDF converter (version 2006.09.02).]
\scratchcounter=\count293
\scratchdimen=\dimen175
\scratchbox=\box70
\nofMPsegments=\count294
\nofMParguments=\count295
\everyMPshowfont=\toks38
\MPscratchCnt=\count296
\MPscratchDim=\dimen176
\MPnumerator=\count297
\makeMPintoPDFobject=\count298
\everyMPtoPDFconversion=\toks39
) (/usr/share/texlive/texmf-dist/tex/latex/oberdiek/epstopdf-base.sty
Package: epstopdf-base 2010/02/09 v2.5 Base part for package epstopdf

(/usr/share/texlive/texmf-dist/tex/latex/oberdiek/grfext.sty
Package: grfext 2010/08/19 v1.1 Manage graphics extensions (HO)
)
Package grfext Info: Graphics extension search list:
(grfext)             [.png,.pdf,.jpg,.mps,.jpeg,.jbig2,.jb2,.PNG,.PDF,.JPG,.JPE
G,.JBIG2,.JB2,.eps]
(grfext)             \AppendGraphicsExtensions on input line 452.

(/usr/share/texlive/texmf-dist/tex/latex/latexconfig/epstopdf-sys.cfg
File: epstopdf-sys.cfg 2010/07/13 v1.3 Configuration of (r)epstopdf for TeX Liv
e
))
*geometry* driver: auto-detecting
*geometry* detected driver: pdftex
*geometry* verbose mode - [ preamble ] result:
* driver: pdftex
* paper: <default>
* layout: <same size as paper>
* layoutoffset:(h,v)=(0.0pt,0.0pt)
* modes: 
* h-part:(L,W,R)=(85.35826pt, 455.24411pt, 56.9055pt)
* v-part:(T,H,B)=(85.35826pt, 702.78308pt, 56.9055pt)
* \paperwidth=597.50787pt
* \paperheight=845.04684pt
* \textwidth=455.24411pt
* \textheight=702.78308pt
* \oddsidemargin=13.08827pt
* \evensidemargin=13.08827pt
* \topmargin=-23.91173pt
* \headheight=12.0pt
* \headsep=25.0pt
* \topskip=12.0pt
* \footskip=30.0pt
* \marginparwidth=35.0pt
* \marginparsep=10.0pt
* \columnsep=10.0pt
* \skip\footins=10.8pt plus 4.0pt minus 2.0pt
* \hoffset=0.0pt
* \voffset=0.0pt
* \mag=1000
* \@twocolumnfalse
* \@twosidefalse
* \@mparswitchfalse
* \@reversemarginfalse
* (1in=72.27pt=25.4mm, 1cm=28.453pt)

(/usr/share/texlive/texmf-dist/tex/latex/ucs/ucsencs.def
File: ucsencs.def 2011/01/21 Fixes to fontencodings LGR, T3
)
Package lastpage Info: Please have a look at the pageslts package at
(lastpage)             http://www.ctan.org/tex-archive/ 
(lastpage)             macros/latex/contrib/pageslts/ 
(lastpage)             or
(lastpage)             http://www.ctan.org/tex-archive/ 
(lastpage)             install/macros/latex/contrib/pageslts.tds.zip
(lastpage)             ! on input line 6.
LaTeX Info: Redefining \. on input line 6.
LaTeX Info: Redefining \% on input line 6.
Package hyperref Info: Link coloring ON on input line 6.

(/usr/share/texlive/texmf-dist/tex/latex/hyperref/nameref.sty
Package: nameref 2010/04/30 v2.40 Cross-referencing by name of section

(/usr/share/texlive/texmf-dist/tex/generic/oberdiek/gettitlestring.sty
Package: gettitlestring 2010/12/03 v1.4 Cleanup title references (HO)
)
\c@section@level=\count299
)
LaTeX Info: Redefining \ref on input line 6.
LaTeX Info: Redefining \pageref on input line 6.
LaTeX Info: Redefining \nameref on input line 6.

(./EI.out) (./EI.out)
\@outlinefile=\write4
\openout4 = `EI.out'.

LaTeX Font Info:    Try loading font information for U+msa on input line 10.
 (/usr/share/texlive/texmf-dist/tex/latex/amsfonts/umsa.fd
File: umsa.fd 2009/06/22 v3.00 AMS symbols A
)
LaTeX Font Info:    Try loading font information for U+msb on input line 10.
 (/usr/share/texlive/texmf-dist/tex/latex/amsfonts/umsb.fd
File: umsb.fd 2009/06/22 v3.00 AMS symbols B
) [1

{/var/lib/texmf/fonts/map/pdftex/updmap/pdftex.map}] (./EI.toc
LaTeX Info: Redefining \. on input line 1.
LaTeX Info: Redefining \% on input line 1.
)
\tf@toc=\write5
\openout5 = `EI.toc'.



Package Fancyhdr Warning: \headheight is too small (12.0pt): 
 Make it at least 14.49998pt.
 We now make it that large for the rest of the document.
 This may cause the page layout to be inconsistent, however.

pdfTeX warning (ext4): destination with the same identifier (name{page.1}) has 
been already used, duplicate ignored
<to be read again> 
                   \relax 
l.12 \newpage
              [1]

Package Fancyhdr Warning: \headheight is too small (12.0pt): 
 Make it at least 14.49998pt.
 We now make it that large for the rest of the document.
 This may cause the page layout to be inconsistent, however.

[2] <DiagramaCaja.png, id=131, 724.7075pt x 632.3625pt>
File: DiagramaCaja.png Graphic file (type png)
 <use DiagramaCaja.png>
Package pdftex.def Info: DiagramaCaja.png used on input line 77.
(pdftex.def)             Requested size: 364.19667pt x 317.79187pt.
LaTeX Font Info:    Try loading font information for U+bbm on input line 85.
LaTeX Font Info:    No file Ubbm.fd. on input line 85.


LaTeX Font Warning: Font shape `U/bbm/m/n' undefined
(Font)              using `U/cmr/m/n' instead on input line 85.


Package Fancyhdr Warning: \headheight is too small (12.0pt): 
 Make it at least 14.49998pt.
 We now make it that large for the rest of the document.
 This may cause the page layout to be inconsistent, however.

[3] <DensidadAHistograma.png, id=144, 803.0pt x 367.3725pt>
File: DensidadAHistograma.png Graphic file (type png)

<use DensidadAHistograma.png>
Package pdftex.def Info: DensidadAHistograma.png used on input line 91.
(pdftex.def)             Requested size: 364.19667pt x 166.6222pt.


Package Fancyhdr Warning: \headheight is too small (12.0pt): 
 Make it at least 14.49998pt.
 We now make it that large for the rest of the document.
 This may cause the page layout to be inconsistent, however.

[4 <./DiagramaCaja.png>] <Suavizado.png, id=153, 1172.38pt x 560.0925pt>
File: Suavizado.png Graphic file (type png)

<use Suavizado.png>
Package pdftex.def Info: Suavizado.png used on input line 117.
(pdftex.def)             Requested size: 455.24411pt x 217.48654pt.


Package Fancyhdr Warning: \headheight is too small (12.0pt): 
 Make it at least 14.49998pt.
 We now make it that large for the rest of the document.
 This may cause the page layout to be inconsistent, however.

[5 <./DensidadAHistograma.png>]
<Dispersion.png, id=165, 495.8525pt x 442.65375pt>
File: Dispersion.png Graphic file (type png)
 <use Dispersion.png>
Package pdftex.def Info: Dispersion.png used on input line 138.
(pdftex.def)             Requested size: 364.19667pt x 325.12706pt.


Package Fancyhdr Warning: \headheight is too small (12.0pt): 
 Make it at least 14.49998pt.
 We now make it that large for the rest of the document.
 This may cause the page layout to be inconsistent, however.

[6 <./Suavizado.png>]

Package Fancyhdr Warning: \headheight is too small (12.0pt): 
 Make it at least 14.49998pt.
 We now make it that large for the rest of the document.
 This may cause the page layout to be inconsistent, however.

[7 <./Dispersion.png>]
(/usr/share/texlive/texmf-dist/tex/latex/ucs/data/uni-34.def
File: uni-34.def 2012/04/20 UCS: Unicode data U+2200..U+22FF
)

Package Fancyhdr Warning: \headheight is too small (12.0pt): 
 Make it at least 14.49998pt.
 We now make it that large for the rest of the document.
 This may cause the page layout to be inconsistent, however.

[8]

Package Fancyhdr Warning: \headheight is too small (12.0pt): 
 Make it at least 14.49998pt.
 We now make it that large for the rest of the document.
 This may cause the page layout to be inconsistent, however.

[9]
! You can't use `\unhbox' after \the.
\hmode@start@before@group ->\unhbox 
                                    \voidb@x 
l.226 Esto es equivalente a decir que  \[ \lim
                                              _{n\to\infty} P(X_n\in (-\inft...
I'm forgetting what you said and using zero instead.

LaTeX Font Info:    Try loading font information for OT1+bbm on input line 226.

LaTeX Font Info:    No file OT1bbm.fd. on input line 226.

LaTeX Font Warning: Font shape `OT1/bbm/m/n' undefined
(Font)              using `OT1/cmr/m/n' instead
(Font)              for symbol `i' on input line 226.


LaTeX Warning: Command \i invalid in math mode on input line 226.


Package Fancyhdr Warning: \headheight is too small (12.0pt): 
 Make it at least 14.49998pt.
 We now make it that large for the rest of the document.
 This may cause the page layout to be inconsistent, however.

[10]

Package Fancyhdr Warning: \headheight is too small (12.0pt): 
 Make it at least 14.49998pt.
 We now make it that large for the rest of the document.
 This may cause the page layout to be inconsistent, however.

[11]
! Undefined control sequence.
l.282 \[ \prob{X ≤ t} =  \fd
                              _n(t) = \frac{1}{n}\sum_{i=1}^n \ind_{(-\infty...
The control sequence at the end of the top line
of your error message was never \def'ed. If you have
misspelled it (e.g., `\hobx'), type `I' and the correct
spelling (e.g., `I\hbox'). Otherwise just continue,
and I'll forget about whatever was undefined.

! Undefined control sequence.
<recently read> \fd 
                    
l.284 Es decir, $\fd
                    _n(t)$ es la proporción de puntos de la muestra que cae...
The control sequence at the end of the top line
of your error message was never \def'ed. If you have
misspelled it (e.g., `\hobx'), type `I' and the correct
spelling (e.g., `I\hbox'). Otherwise just continue,
and I'll forget about whatever was undefined.

! Undefined control sequence.
<argument> \fd 
               _n - F
l.293 \[ \md{\fd_n - F}
                       _\infty=\sup_{t\in\real} \abs{\fd_n(t) - F(t)} \convc...
The control sequence at the end of the top line
of your error message was never \def'ed. If you have
misspelled it (e.g., `\hobx'), type `I' and the correct
spelling (e.g., `I\hbox'). Otherwise just continue,
and I'll forget about whatever was undefined.

! Undefined control sequence.
<argument> \fd 
               _n(t) - F(t)
l.293 ...ty=\sup_{t\in\real} \abs{\fd_n(t) - F(t)}
                                                   \convcs 0 \]
The control sequence at the end of the top line
of your error message was never \def'ed. If you have
misspelled it (e.g., `\hobx'), type `I' and the correct
spelling (e.g., `I\hbox'). Otherwise just continue,
and I'll forget about whatever was undefined.

! Undefined control sequence.
<argument> \fd 
               _n - F
l.295 donde $\md{\fd_n - F}
                           _\infty$ es el \index{Estadístico! de Kolmogorov...
The control sequence at the end of the top line
of your error message was never \def'ed. If you have
misspelled it (e.g., `\hobx'), type `I' and the correct
spelling (e.g., `I\hbox'). Otherwise just continue,
and I'll forget about whatever was undefined.

! Undefined control sequence.
l.303 \fd
         _n(t) \convcs F(t)
The control sequence at the end of the top line
of your error message was never \def'ed. If you have
misspelled it (e.g., `\hobx'), type `I' and the correct
spelling (e.g., `I\hbox'). Otherwise just continue,
and I'll forget about whatever was undefined.

! Undefined control sequence.
l.306 Tenemos que \[ \fd
                        _n(t) = \frac{1}{n}\sum_{i=1}^n \ind_{(-\infty, t]} ...
The control sequence at the end of the top line
of your error message was never \def'ed. If you have
misspelled it (e.g., `\hobx'), type `I' and the correct
spelling (e.g., `I\hbox'). Otherwise just continue,
and I'll forget about whatever was undefined.

! Undefined control sequence.
l.308 ...to y por la LGN (\ref{thmGrandes}) \[ \fd
                                                  _n(t) = \frac{1}{n}\sum_{i...
The control sequence at the end of the top line
of your error message was never \def'ed. If you have
misspelled it (e.g., `\hobx'), type `I' and the correct
spelling (e.g., `I\hbox'). Otherwise just continue,
and I'll forget about whatever was undefined.

! Undefined control sequence.
l.315  \fd
          _n(t^-) \convcs F(t^-)  \label{eqConvIzq}
The control sequence at the end of the top line
of your error message was never \def'ed. If you have
misspelled it (e.g., `\hobx'), type `I' and the correct
spelling (e.g., `I\hbox'). Otherwise just continue,
and I'll forget about whatever was undefined.

! Undefined control sequence.
l.316 ...to de probabilidad $1$ se tiene que $ \fd
                                                  _n(t^-) \convs F(t^-) $. S...
The control sequence at the end of the top line
of your error message was never \def'ed. If you have
misspelled it (e.g., `\hobx'), type `I' and the correct
spelling (e.g., `I\hbox'). Otherwise just continue,
and I'll forget about whatever was undefined.

! Undefined control sequence.
<argument> \fd 
               _n(t^-) - F(t^-) 
l.317 ...≥ N \implies \abs{\fd_n(t^-) - F(t^-) }
                                                   < \epsilon \label{eqLim1}...
The control sequence at the end of the top line
of your error message was never \def'ed. If you have
misspelled it (e.g., `\hobx'), type `I' and the correct
spelling (e.g., `I\hbox'). Otherwise just continue,
and I'll forget about whatever was undefined.

! Undefined control sequence.
l.321 	\exists\epsilon >0\tq \fd
                                _n (t^-) = \fd_n (x)\; \forall x \in (t-\del...
The control sequence at the end of the top line
of your error message was never \def'ed. If you have
misspelled it (e.g., `\hobx'), type `I' and the correct
spelling (e.g., `I\hbox'). Otherwise just continue,
and I'll forget about whatever was undefined.

! Undefined control sequence.
l.321 	\exists\epsilon >0\tq \fd_n (t^-) = \fd
                                              _n (x)\; \forall x \in (t-\del...
The control sequence at the end of the top line
of your error message was never \def'ed. If you have
misspelled it (e.g., `\hobx'), type `I' and the correct
spelling (e.g., `I\hbox'). Otherwise just continue,
and I'll forget about whatever was undefined.

! You can't use `\unhbox' after \the.
\hmode@start@before@group ->\unhbox 
                                    \voidb@x 
l.325  F(t^-) = \lim
                    _{x\to t^-} F(x) \dimplies \forall \epsilon > 0 \; \exis...
I'm forgetting what you said and using zero instead.


LaTeX Warning: Command \i invalid in math mode on input line 325.

! Undefined control sequence.
<argument> \fd 
               _n(t^-) - F(t^-)
l.330 \[ \abs{\fd_n(t^-) - F(t^-)}
                                   =  \abs{\fd_n(x) - F(x) + F(x) - F(t^-)} ...
The control sequence at the end of the top line
of your error message was never \def'ed. If you have
misspelled it (e.g., `\hobx'), type `I' and the correct
spelling (e.g., `I\hbox'). Otherwise just continue,
and I'll forget about whatever was undefined.

! Undefined control sequence.
<argument> \fd 
               _n(x) - F(x) + F(x) - F(t^-)
l.330 ... =  \abs{\fd_n(x) - F(x) + F(x) - F(t^-)}
                                                   ≤ \underbrace{\abs{\fd_...
The control sequence at the end of the top line
of your error message was never \def'ed. If you have
misspelled it (e.g., `\hobx'), type `I' and the correct
spelling (e.g., `I\hbox'). Otherwise just continue,
and I'll forget about whatever was undefined.

! Undefined control sequence.
<argument> \fd 
               _n(x) - F(x)
l.330 ...)} ≤ \underbrace{\abs{\fd_n(x) - F(x)}}
                                                  _{(a)} + \underbrace{\abs{...
The control sequence at the end of the top line
of your error message was never \def'ed. If you have
misspelled it (e.g., `\hobx'), type `I' and the correct
spelling (e.g., `I\hbox'). Otherwise just continue,
and I'll forget about whatever was undefined.

! Undefined control sequence.
<argument> \fd 
               _n(t^-) - F(t^-)
l.334 \[ \abs{\fd_n(t^-) - F(t^-)}
                                    < \epsilon \]
The control sequence at the end of the top line
of your error message was never \def'ed. If you have
misspelled it (e.g., `\hobx'), type `I' and the correct
spelling (e.g., `I\hbox'). Otherwise just continue,
and I'll forget about whatever was undefined.

! Undefined control sequence.
l.342 \[ \fd
            _n(t) - F(t) ≤ \fd_n(t_i^-) - F(t_i^-) + \epsilon \]
The control sequence at the end of the top line
of your error message was never \def'ed. If you have
misspelled it (e.g., `\hobx'), type `I' and the correct
spelling (e.g., `I\hbox'). Otherwise just continue,
and I'll forget about whatever was undefined.

! Undefined control sequence.
l.342 \[ \fd_n(t) - F(t) ≤ \fd
                                _n(t_i^-) - F(t_i^-) + \epsilon \]
The control sequence at the end of the top line
of your error message was never \def'ed. If you have
misspelled it (e.g., `\hobx'), type `I' and the correct
spelling (e.g., `I\hbox'). Otherwise just continue,
and I'll forget about whatever was undefined.

! Undefined control sequence.
<recently read> \fd 
                    
l.344 Como $\fd
               _n$ es no decreciente (es una función de distribución), ten...
The control sequence at the end of the top line
of your error message was never \def'ed. If you have
misspelled it (e.g., `\hobx'), type `I' and the correct
spelling (e.g., `I\hbox'). Otherwise just continue,
and I'll forget about whatever was undefined.

! Undefined control sequence.
l.346 \[ \fd
            _n(t) - F(t) ≥ \fd_n(t_{i-1}) - F(t_{i-1}) - \epsilon \]
The control sequence at the end of the top line
of your error message was never \def'ed. If you have
misspelled it (e.g., `\hobx'), type `I' and the correct
spelling (e.g., `I\hbox'). Otherwise just continue,
and I'll forget about whatever was undefined.

! Undefined control sequence.
l.346 \[ \fd_n(t) - F(t) ≥ \fd
                                _n(t_{i-1}) - F(t_{i-1}) - \epsilon \]
The control sequence at the end of the top line
of your error message was never \def'ed. If you have
misspelled it (e.g., `\hobx'), type `I' and the correct
spelling (e.g., `I\hbox'). Otherwise just continue,
and I'll forget about whatever was undefined.

! Undefined control sequence.
<argument> \fd 
               _n(t) - F(t)
l.350 \[ \sup_{t\in\real} \abs{\fd_n(t) - F(t)}
                                                ≤ \max\left\lbrace \max_{i...
The control sequence at the end of the top line
of your error message was never \def'ed. If you have
misspelled it (e.g., `\hobx'), type `I' and the correct
spelling (e.g., `I\hbox'). Otherwise just continue,
and I'll forget about whatever was undefined.

! Undefined control sequence.
<argument> \fd 
               _n(t_i) - F(t_i)
l.350 ...{i=1,\dotsc ,k} \abs{\fd_n(t_i) - F(t_i)}
                                                  ,\; \max_{i=1,\dotsc ,k} \...
The control sequence at the end of the top line
of your error message was never \def'ed. If you have
misspelled it (e.g., `\hobx'), type `I' and the correct
spelling (e.g., `I\hbox'). Otherwise just continue,
and I'll forget about whatever was undefined.

! Undefined control sequence.
<argument> \fd 
               _n(t_i^-) - F(t_i^n)
l.350 ...,\dotsc ,k} \abs{\fd_n(t_i^-) - F(t_i^n)}
                                                   \right\rbrace + \epsilon \]
The control sequence at the end of the top line
of your error message was never \def'ed. If you have
misspelled it (e.g., `\hobx'), type `I' and the correct
spelling (e.g., `I\hbox'). Otherwise just continue,
and I'll forget about whatever was undefined.

! Undefined control sequence.
<argument> \fd 
               _n(t_i) - F(t_i)
l.352 ...), sabemos que $\abs{\fd_n(t_i) - F(t_i)}
                                                   \convcs 0$, y por lo tant...
The control sequence at the end of the top line
of your error message was never \def'ed. If you have
misspelled it (e.g., `\hobx'), type `I' and the correct
spelling (e.g., `I\hbox'). Otherwise just continue,
and I'll forget about whatever was undefined.

! Undefined control sequence.
<argument> \fd 
               _n(t_i) - F(t_i)
l.352 ...{i=1,\dotsc ,k} \abs{\fd_n(t_i) - F(t_i)}
                                                   \convcs 0 \].
The control sequence at the end of the top line
of your error message was never \def'ed. If you have
misspelled it (e.g., `\hobx'), type `I' and the correct
spelling (e.g., `I\hbox'). Otherwise just continue,
and I'll forget about whatever was undefined.

! Undefined control sequence.
<argument> \fd 
               _n(t_i^-) - F(t_i^n)
l.354 ...,\dotsc ,k} \abs{\fd_n(t_i^-) - F(t_i^n)}
                                                   \convcs 0 \]. Por lo tant...
The control sequence at the end of the top line
of your error message was never \def'ed. If you have
misspelled it (e.g., `\hobx'), type `I' and the correct
spelling (e.g., `I\hbox'). Otherwise just continue,
and I'll forget about whatever was undefined.

! Undefined control sequence.
<argument> \fd 
               _n(t) - F(t)
l.356 ...y} \sup_{t\in\real} \abs{\fd_n(t) - F(t)}
                                                    =  \lim_{n\to\infty} \md...
The control sequence at the end of the top line
of your error message was never \def'ed. If you have
misspelled it (e.g., `\hobx'), type `I' and the correct
spelling (e.g., `I\hbox'). Otherwise just continue,
and I'll forget about whatever was undefined.

! Undefined control sequence.
<argument> \fd 
               _n - F
l.356 ...(t)}  =  \lim_{n\to\infty} \md{\fd_n - F}
                                                  _\infty ≤ \epsilon \]
The control sequence at the end of the top line
of your error message was never \def'ed. If you have
misspelled it (e.g., `\hobx'), type `I' and the correct
spelling (e.g., `I\hbox'). Otherwise just continue,
and I'll forget about whatever was undefined.

! Undefined control sequence.
<argument> \fd 
               _n - F
l.358 ... cojamos. Es decir, que \[ \md{\fd_n - F}
                                                  _\infty=\sup_{t\in\real} \...
The control sequence at the end of the top line
of your error message was never \def'ed. If you have
misspelled it (e.g., `\hobx'), type `I' and the correct
spelling (e.g., `I\hbox'). Otherwise just continue,
and I'll forget about whatever was undefined.

! Undefined control sequence.
<argument> \fd 
               _n(t) - F(t)
l.358 ...ty=\sup_{t\in\real} \abs{\fd_n(t) - F(t)}
                                                   \convcs 0 \]
The control sequence at the end of the top line
of your error message was never \def'ed. If you have
misspelled it (e.g., `\hobx'), type `I' and the correct
spelling (e.g., `I\hbox'). Otherwise just continue,
and I'll forget about whatever was undefined.


Package Fancyhdr Warning: \headheight is too small (12.0pt): 
 Make it at least 14.49998pt.
 We now make it that large for the rest of the document.
 This may cause the page layout to be inconsistent, however.

[12]

Package Fancyhdr Warning: \headheight is too small (12.0pt): 
 Make it at least 14.49998pt.
 We now make it that large for the rest of the document.
 This may cause the page layout to be inconsistent, however.

[13]

Package Fancyhdr Warning: \headheight is too small (12.0pt): 
 Make it at least 14.49998pt.
 We now make it that large for the rest of the document.
 This may cause the page layout to be inconsistent, however.

[14] <_Distribuciones.pdf, id=252, page=2, 364.19562pt x 273.14648pt>
File: _Distribuciones.pdf Graphic file (type pdf)

<use _Distribuciones.pdf, page 2>
Package pdftex.def Info: _Distribuciones.pdf, page2 used on input line 365.
(pdftex.def)             Requested size: 364.19473pt x 273.14581pt.
File: _Distribuciones.pdf Graphic file (type pdf)
 <use _Distribuciones.pdf, page 2>
Package pdftex.def Info: _Distribuciones.pdf, page2 used on input line 365.
(pdftex.def)             Requested size: 375.77586pt x 281.83165pt.
File: _Distribuciones.pdf Graphic file (type pdf)

<use _Distribuciones.pdf, page 2>
Package pdftex.def Info: _Distribuciones.pdf, page2 used on input line 365.
(pdftex.def)             Requested size: 375.77586pt x 281.83165pt.
File: _Distribuciones.pdf Graphic file (type pdf)
 <use _Distribuciones.pdf, page 2>
Package pdftex.def Info: _Distribuciones.pdf, page2 used on input line 365.
(pdftex.def)             Requested size: 375.77586pt x 281.83165pt.

<_Distribuciones.pdf, id=253, page=3, 364.19562pt x 273.14648pt>
File: _Distribuciones.pdf Graphic file (type pdf)

<use _Distribuciones.pdf, page 3>
Package pdftex.def Info: _Distribuciones.pdf, page3 used on input line 365.
(pdftex.def)             Requested size: 375.77586pt x 281.83165pt.
File: _Distribuciones.pdf Graphic file (type pdf)
 <use _Distribuciones.pdf, page 3>
Package pdftex.def Info: _Distribuciones.pdf, page3 used on input line 365.
(pdftex.def)             Requested size: 375.77586pt x 281.83165pt.

<_Distribuciones.pdf, id=254, page=4, 364.19562pt x 273.14648pt>
File: _Distribuciones.pdf Graphic file (type pdf)

<use _Distribuciones.pdf, page 4>
Package pdftex.def Info: _Distribuciones.pdf, page4 used on input line 365.
(pdftex.def)             Requested size: 375.77586pt x 281.83165pt.
File: _Distribuciones.pdf Graphic file (type pdf)
 <use _Distribuciones.pdf, page 4>
Package pdftex.def Info: _Distribuciones.pdf, page4 used on input line 365.
(pdftex.def)             Requested size: 375.77586pt x 281.83165pt.
File: _Distribuciones.pdf Graphic file (type pdf)

<use _Distribuciones.pdf, page 2>
Package pdftex.def Info: _Distribuciones.pdf, page2 used on input line 365.
(pdftex.def)             Requested size: 375.77586pt x 281.83165pt.
File: _Distribuciones.pdf Graphic file (type pdf)
 <use _Distribuciones.pdf, page 3>
Package pdftex.def Info: _Distribuciones.pdf, page3 used on input line 365.
(pdftex.def)             Requested size: 375.77586pt x 281.83165pt.
File: _Distribuciones.pdf Graphic file (type pdf)

<use _Distribuciones.pdf, page 4>
Package pdftex.def Info: _Distribuciones.pdf, page4 used on input line 365.
(pdftex.def)             Requested size: 375.77586pt x 281.83165pt.
 [15 <./_Distribuciones.pdf> <./_Distribuciones.pdf> <./_Distribuciones.pdf>]
<_Distribuciones.pdf, id=326, page=5, 364.19562pt x 273.14648pt>
File: _Distribuciones.pdf Graphic file (type pdf)

<use _Distribuciones.pdf, page 5>
Package pdftex.def Info: _Distribuciones.pdf, page5 used on input line 365.
(pdftex.def)             Requested size: 375.77586pt x 281.83165pt.
File: _Distribuciones.pdf Graphic file (type pdf)
 <use _Distribuciones.pdf, page 5>
Package pdftex.def Info: _Distribuciones.pdf, page5 used on input line 365.
(pdftex.def)             Requested size: 375.77586pt x 281.83165pt.

<_Distribuciones.pdf, id=327, page=6, 364.19562pt x 273.14648pt>
File: _Distribuciones.pdf Graphic file (type pdf)

<use _Distribuciones.pdf, page 6>
Package pdftex.def Info: _Distribuciones.pdf, page6 used on input line 365.
(pdftex.def)             Requested size: 375.77586pt x 281.83165pt.
File: _Distribuciones.pdf Graphic file (type pdf)
 <use _Distribuciones.pdf, page 6>
Package pdftex.def Info: _Distribuciones.pdf, page6 used on input line 365.
(pdftex.def)             Requested size: 375.77586pt x 281.83165pt.

<_Distribuciones.pdf, id=328, page=7, 364.19562pt x 273.14648pt>
File: _Distribuciones.pdf Graphic file (type pdf)

<use _Distribuciones.pdf, page 7>
Package pdftex.def Info: _Distribuciones.pdf, page7 used on input line 365.
(pdftex.def)             Requested size: 375.77586pt x 281.83165pt.
File: _Distribuciones.pdf Graphic file (type pdf)
 <use _Distribuciones.pdf, page 7>
Package pdftex.def Info: _Distribuciones.pdf, page7 used on input line 365.
(pdftex.def)             Requested size: 375.77586pt x 281.83165pt.
File: _Distribuciones.pdf Graphic file (type pdf)

<use _Distribuciones.pdf, page 5>
Package pdftex.def Info: _Distribuciones.pdf, page5 used on input line 365.
(pdftex.def)             Requested size: 375.77586pt x 281.83165pt.
File: _Distribuciones.pdf Graphic file (type pdf)
 <use _Distribuciones.pdf, page 6>
Package pdftex.def Info: _Distribuciones.pdf, page6 used on input line 365.
(pdftex.def)             Requested size: 375.77586pt x 281.83165pt.
File: _Distribuciones.pdf Graphic file (type pdf)

<use _Distribuciones.pdf, page 7>
Package pdftex.def Info: _Distribuciones.pdf, page7 used on input line 365.
(pdftex.def)             Requested size: 375.77586pt x 281.83165pt.
 [16 <./_Distribuciones.pdf> <./_Distribuciones.pdf> <./_Distribuciones.pdf>]
<_Distribuciones.pdf, id=333, page=8, 364.19562pt x 273.14648pt>
File: _Distribuciones.pdf Graphic file (type pdf)

<use _Distribuciones.pdf, page 8>
Package pdftex.def Info: _Distribuciones.pdf, page8 used on input line 365.
(pdftex.def)             Requested size: 375.77586pt x 281.83165pt.
File: _Distribuciones.pdf Graphic file (type pdf)
 <use _Distribuciones.pdf, page 8>
Package pdftex.def Info: _Distribuciones.pdf, page8 used on input line 365.
(pdftex.def)             Requested size: 375.77586pt x 281.83165pt.

<_Distribuciones.pdf, id=334, page=9, 364.19562pt x 273.14648pt>
File: _Distribuciones.pdf Graphic file (type pdf)

<use _Distribuciones.pdf, page 9>
Package pdftex.def Info: _Distribuciones.pdf, page9 used on input line 365.
(pdftex.def)             Requested size: 375.77586pt x 281.83165pt.
File: _Distribuciones.pdf Graphic file (type pdf)
 <use _Distribuciones.pdf, page 9>
Package pdftex.def Info: _Distribuciones.pdf, page9 used on input line 365.
(pdftex.def)             Requested size: 375.77586pt x 281.83165pt.

<_Distribuciones.pdf, id=335, page=10, 364.19562pt x 273.14648pt>
File: _Distribuciones.pdf Graphic file (type pdf)

<use _Distribuciones.pdf, page 10>
Package pdftex.def Info: _Distribuciones.pdf, page10 used on input line 365.
(pdftex.def)             Requested size: 375.77586pt x 281.83165pt.
File: _Distribuciones.pdf Graphic file (type pdf)
 <use _Distribuciones.pdf, page 10>
Package pdftex.def Info: _Distribuciones.pdf, page10 used on input line 365.
(pdftex.def)             Requested size: 375.77586pt x 281.83165pt.
File: _Distribuciones.pdf Graphic file (type pdf)

<use _Distribuciones.pdf, page 8>
Package pdftex.def Info: _Distribuciones.pdf, page8 used on input line 365.
(pdftex.def)             Requested size: 375.77586pt x 281.83165pt.
File: _Distribuciones.pdf Graphic file (type pdf)
 <use _Distribuciones.pdf, page 9>
Package pdftex.def Info: _Distribuciones.pdf, page9 used on input line 365.
(pdftex.def)             Requested size: 375.77586pt x 281.83165pt.
File: _Distribuciones.pdf Graphic file (type pdf)

<use _Distribuciones.pdf, page 10>
Package pdftex.def Info: _Distribuciones.pdf, page10 used on input line 365.
(pdftex.def)             Requested size: 375.77586pt x 281.83165pt.
 [17 <./_Distribuciones.pdf> <./_Distribuciones.pdf> <./_Distribuciones.pdf>]
<_Distribuciones.pdf, id=340, page=11, 364.19562pt x 273.14648pt>
File: _Distribuciones.pdf Graphic file (type pdf)

<use _Distribuciones.pdf, page 11>
Package pdftex.def Info: _Distribuciones.pdf, page11 used on input line 365.
(pdftex.def)             Requested size: 375.77586pt x 281.83165pt.
File: _Distribuciones.pdf Graphic file (type pdf)
 <use _Distribuciones.pdf, page 11>
Package pdftex.def Info: _Distribuciones.pdf, page11 used on input line 365.
(pdftex.def)             Requested size: 375.77586pt x 281.83165pt.

<_Distribuciones.pdf, id=341, page=12, 364.19562pt x 273.14648pt>
File: _Distribuciones.pdf Graphic file (type pdf)

<use _Distribuciones.pdf, page 12>
Package pdftex.def Info: _Distribuciones.pdf, page12 used on input line 365.
(pdftex.def)             Requested size: 375.77586pt x 281.83165pt.
File: _Distribuciones.pdf Graphic file (type pdf)
 <use _Distribuciones.pdf, page 12>
Package pdftex.def Info: _Distribuciones.pdf, page12 used on input line 365.
(pdftex.def)             Requested size: 375.77586pt x 281.83165pt.

<_Distribuciones.pdf, id=342, page=13, 364.19562pt x 273.14648pt>
File: _Distribuciones.pdf Graphic file (type pdf)

<use _Distribuciones.pdf, page 13>
Package pdftex.def Info: _Distribuciones.pdf, page13 used on input line 365.
(pdftex.def)             Requested size: 375.77586pt x 281.83165pt.
File: _Distribuciones.pdf Graphic file (type pdf)
 <use _Distribuciones.pdf, page 13>
Package pdftex.def Info: _Distribuciones.pdf, page13 used on input line 365.
(pdftex.def)             Requested size: 375.77586pt x 281.83165pt.
File: _Distribuciones.pdf Graphic file (type pdf)

<use _Distribuciones.pdf, page 11>
Package pdftex.def Info: _Distribuciones.pdf, page11 used on input line 365.
(pdftex.def)             Requested size: 375.77586pt x 281.83165pt.
File: _Distribuciones.pdf Graphic file (type pdf)
 <use _Distribuciones.pdf, page 12>
Package pdftex.def Info: _Distribuciones.pdf, page12 used on input line 365.
(pdftex.def)             Requested size: 375.77586pt x 281.83165pt.
File: _Distribuciones.pdf Graphic file (type pdf)

<use _Distribuciones.pdf, page 13>
Package pdftex.def Info: _Distribuciones.pdf, page13 used on input line 365.
(pdftex.def)             Requested size: 375.77586pt x 281.83165pt.
 [18 <./_Distribuciones.pdf> <./_Distribuciones.pdf> <./_Distribuciones.pdf>]
<_Distribuciones.pdf, id=348, page=14, 364.19562pt x 273.14648pt>
File: _Distribuciones.pdf Graphic file (type pdf)

<use _Distribuciones.pdf, page 14>
Package pdftex.def Info: _Distribuciones.pdf, page14 used on input line 365.
(pdftex.def)             Requested size: 375.77586pt x 281.83165pt.
File: _Distribuciones.pdf Graphic file (type pdf)
 <use _Distribuciones.pdf, page 14>
Package pdftex.def Info: _Distribuciones.pdf, page14 used on input line 365.
(pdftex.def)             Requested size: 375.77586pt x 281.83165pt.
File: _Distribuciones.pdf Graphic file (type pdf)

<use _Distribuciones.pdf, page 2>
Package pdftex.def Info: _Distribuciones.pdf, page2 used on input line 365.
(pdftex.def)             Requested size: 375.77586pt x 281.83165pt.
File: _Distribuciones.pdf Graphic file (type pdf)
 <use _Distribuciones.pdf, page 2>
Package pdftex.def Info: _Distribuciones.pdf, page2 used on input line 365.
(pdftex.def)             Requested size: 375.77586pt x 281.83165pt.
File: _Distribuciones.pdf Graphic file (type pdf)

<use _Distribuciones.pdf, page 2>
Package pdftex.def Info: _Distribuciones.pdf, page2 used on input line 365.
(pdftex.def)             Requested size: 375.77586pt x 281.83165pt.
File: _Distribuciones.pdf Graphic file (type pdf)
 <use _Distribuciones.pdf, page 2>
Package pdftex.def Info: _Distribuciones.pdf, page2 used on input line 365.
(pdftex.def)             Requested size: 375.77586pt x 281.83165pt.
File: _Distribuciones.pdf Graphic file (type pdf)

<use _Distribuciones.pdf, page 14>
Package pdftex.def Info: _Distribuciones.pdf, page14 used on input line 365.
(pdftex.def)             Requested size: 375.77586pt x 281.83165pt.
 [19 <./_Distribuciones.pdf>]
(./EI_Ejercicios.tex
Package mdframed Info: mdframed detected package amsthm 
 changed the theoerem header of amsthm
(mdframed)              on input line 5.
Package mdframed Info: mdframed detected package amsthm 
 changed the theoerem header of amsthm
(mdframed)              on input line 24.


LaTeX Font Warning: Font shape `T1/cmss/m/sc' in size <12> not available
(Font)              Font shape `T1/cmr/m/sc' tried instead on input line 26.


Package Fancyhdr Warning: \headheight is too small (12.0pt): 
 Make it at least 14.49998pt.
 We now make it that large for the rest of the document.
 This may cause the page layout to be inconsistent, however.

[20])

Package Fancyhdr Warning: \headheight is too small (12.0pt): 
 Make it at least 14.49998pt.
 We now make it that large for the rest of the document.
 This may cause the page layout to be inconsistent, however.

[21]
runsystem(makeindex EI.idx)...executed safely (allowed).

 (./EI.ind) 
AED: lastpage setting LastPage

Package Fancyhdr Warning: \headheight is too small (12.0pt): 
 Make it at least 14.49998pt.
 We now make it that large for the rest of the document.
 This may cause the page layout to be inconsistent, however.

[22

]
Package atveryend Info: Empty hook `BeforeClearDocument' on input line 375.
Package atveryend Info: Empty hook `AfterLastShipout' on input line 375.
 (./EI.aux
LaTeX Info: Redefining \. on input line 22.
LaTeX Info: Redefining \% on input line 22.
)
Package atveryend Info: Executing hook `AtVeryEndDocument' on input line 375.
Package atveryend Info: Executing hook `AtEndAfterFileList' on input line 375.
Package rerunfilecheck Info: File `EI.out' has not changed.
(rerunfilecheck)             Checksum: CD19D8EF9625FC030D71743A052EE2B3;1536.


LaTeX Font Warning: Some font shapes were not available, defaults substituted.

 ) 
Here is how much of TeX's memory you used:
 16629 strings out of 495059
 254035 string characters out of 3182031
 381534 words of memory out of 3000000
 19416 multiletter control sequences out of 15000+200000
 23071 words of font info for 61 fonts, out of 3000000 for 9000
 14 hyphenation exceptions out of 8191
 51i,18n,51p,903b,618s stack positions out of 5000i,500n,10000p,200000b,50000s
 </home/vicdejuan/.texmf-var/fonts/pk/ljfour/jknappen/ec/eccc1200.600pk> </ho
me/vicdejuan/.texmf-var/fonts/pk/ljfour/jknappen/ec/ecso1200.600pk> </home/vicd
ejuan/.texmf-var/fonts/pk/ljfour/jknappen/ec/ecss1000.600pk> </home/vicdejuan/.
texmf-var/fonts/pk/ljfour/jknappen/ec/ecss0700.600pk> </home/vicdejuan/.texmf-v
ar/fonts/pk/ljfour/jknappen/ec/ecss0800.600pk> </home/vicdejuan/.texmf-var/font
s/pk/ljfour/jknappen/ec/ecsx1440.600pk> </home/vicdejuan/.texmf-var/fonts/pk/lj
four/jknappen/ec/ecsx1200.600pk> </home/vicdejuan/.texmf-var/fonts/pk/ljfour/jk
nappen/ec/ecsx1728.600pk> </home/vicdejuan/.texmf-var/fonts/pk/ljfour/jknappen/
ec/ecss1200.600pk> </home/vicdejuan/.texmf-var/fonts/pk/ljfour/jknappen/ec/ecsi
1200.600pk> </home/vicdejuan/.texmf-var/fonts/pk/ljfour/jknappen/ec/ecss1440.60
0pk> </home/vicdejuan/.texmf-var/fonts/pk/ljfour/jknappen/ec/ecss2074.600pk></u
sr/share/texlive/texmf-dist/fonts/type1/public/amsfonts/cm/cmex10.pfb></usr/sha
re/texlive/texmf-dist/fonts/type1/public/amsfonts/cm/cmmi10.pfb></usr/share/tex
live/texmf-dist/fonts/type1/public/amsfonts/cm/cmmi12.pfb></usr/share/texlive/t
exmf-dist/fonts/type1/public/amsfonts/cm/cmmi6.pfb></usr/share/texlive/texmf-di
st/fonts/type1/public/amsfonts/cm/cmmi8.pfb></usr/share/texlive/texmf-dist/font
s/type1/public/amsfonts/cm/cmr12.pfb></usr/share/texlive/texmf-dist/fonts/type1
/public/amsfonts/cm/cmr6.pfb></usr/share/texlive/texmf-dist/fonts/type1/public/
amsfonts/cm/cmr8.pfb></usr/share/texlive/texmf-dist/fonts/type1/public/amsfonts
/cm/cmss10.pfb></usr/share/texlive/texmf-dist/fonts/type1/public/amsfonts/cm/cm
ss12.pfb></usr/share/texlive/texmf-dist/fonts/type1/public/amsfonts/cm/cmss8.pf
b></usr/share/texlive/texmf-dist/fonts/type1/public/amsfonts/cm/cmssi10.pfb></u
sr/share/texlive/texmf-dist/fonts/type1/public/amsfonts/cm/cmssi8.pfb></usr/sha
re/texlive/texmf-dist/fonts/type1/public/amsfonts/cm/cmsy10.pfb></usr/share/tex
live/texmf-dist/fonts/type1/public/amsfonts/cm/cmsy6.pfb></usr/share/texlive/te
xmf-dist/fonts/type1/public/amsfonts/cm/cmsy8.pfb></usr/share/texlive/texmf-dis
t/fonts/type1/public/amsfonts/symbols/msbm10.pfb>
Output written on EI.pdf (23 pages, 533940 bytes).
PDF statistics:
 827 PDF objects out of 1000 (max. 8388607)
 427 compressed objects within 5 object streams
 71 named destinations out of 1000 (max. 500000)
 248 words of extra memory for PDF output out of 10000 (max. 10000000)

