\BOOKMARK [1][-]{section.1}{Estructura de RN}{}% 1
\BOOKMARK [2][-]{subsection.1.1}{Vectores}{section.1}% 2
\BOOKMARK [2][-]{subsection.1.2}{Sucesiones en RN}{section.1}% 3
\BOOKMARK [2][-]{subsection.1.3}{Topolog\355a}{section.1}% 4
\BOOKMARK [1][-]{section.2}{Funciones RNR}{}% 5
\BOOKMARK [2][-]{subsection.2.1}{Representaci\363n de casos espec\355ficos}{section.2}% 6
\BOOKMARK [3][-]{subsubsection.2.1.1}{Funciones de R2 a R}{subsection.2.1}% 7
\BOOKMARK [3][-]{subsubsection.2.1.2}{Funciones de R3 a R}{subsection.2.1}% 8
\BOOKMARK [2][-]{subsection.2.2}{L\355mites}{section.2}% 9
\BOOKMARK [3][-]{subsubsection.2.2.1}{Resoluci\363n de indeterminaciones}{subsection.2.2}% 10
\BOOKMARK [2][-]{subsection.2.3}{Continuidad}{section.2}% 11
\BOOKMARK [1][-]{section.3}{Diferenciabilidad de funciones RN RM}{}% 12
\BOOKMARK [2][-]{subsection.3.1}{Operaciones con derivadas}{section.3}% 13
\BOOKMARK [3][-]{subsubsection.3.1.1}{Regla de la cadena}{subsection.3.1}% 14
\BOOKMARK [2][-]{subsection.3.2}{Derivadas direccionales}{section.3}% 15
\BOOKMARK [2][-]{subsection.3.3}{Gradiente}{section.3}% 16
\BOOKMARK [3][-]{subsubsection.3.3.1}{Plano tangente a trav\351s del gradiente}{subsection.3.3}% 17
\BOOKMARK [2][-]{subsection.3.4}{Derivadas param\351tricas}{section.3}% 18
\BOOKMARK [2][-]{subsection.3.5}{Derivadas de orden superior}{section.3}% 19
\BOOKMARK [2][-]{subsection.3.6}{M\341ximos y m\355nimos}{section.3}% 20
\BOOKMARK [3][-]{subsubsection.3.6.1}{Resultados de \341lgebra lineal}{subsection.3.6}% 21
\BOOKMARK [3][-]{subsubsection.3.6.2}{Ejemplos}{subsection.3.6}% 22
\BOOKMARK [2][-]{subsection.3.7}{M\341ximos y m\355nimos absolutos}{section.3}% 23
\BOOKMARK [3][-]{subsubsection.3.7.1}{Ejemplos}{subsection.3.7}% 24
\BOOKMARK [1][-]{section.4}{Funciones RN R>1}{}% 25
\BOOKMARK [2][-]{subsection.4.1}{Curvas parametrizadas}{section.4}% 26
\BOOKMARK [3][-]{subsubsection.4.1.1}{Ejemplos}{subsection.4.1}% 27
\BOOKMARK [3][-]{subsubsection.4.1.2}{C\341lculo recta tangente}{subsection.4.1}% 28
\BOOKMARK [3][-]{subsubsection.4.1.3}{C\341lculo de longitudes}{subsection.4.1}% 29
\BOOKMARK [2][-]{subsection.4.2}{Superficies parametrizadas}{section.4}% 30
\BOOKMARK [3][-]{subsubsection.4.2.1}{Ejemplos}{subsection.4.2}% 31
\BOOKMARK [3][-]{subsubsection.4.2.2}{Parametrizaci\363n de superficies de revoluci\363n}{subsection.4.2}% 32
\BOOKMARK [3][-]{subsubsection.4.2.3}{Coordenadas cil\355ndricas}{subsection.4.2}% 33
\BOOKMARK [3][-]{subsubsection.4.2.4}{Coordenadas esf\351ricas}{subsection.4.2}% 34
\BOOKMARK [3][-]{subsubsection.4.2.5}{Usos de coordenadas esf\351ricas y cil\355ndricas}{subsection.4.2}% 35
\BOOKMARK [3][-]{subsubsection.4.2.6}{C\341lculo del plano tangente}{subsection.4.2}% 36
\BOOKMARK [2][-]{subsection.4.3}{Campos vectoriales}{section.4}% 37
\BOOKMARK [1][-]{section.5}{Integraci\363n}{}% 38
\BOOKMARK [2][-]{subsection.5.1}{C\341lculo de integrales}{section.5}% 39
\BOOKMARK [2][-]{subsection.5.2}{Cambio de variables}{section.5}% 40
\BOOKMARK [2][-]{subsection.5.3}{Integraci\363n en R3}{section.5}% 41
\BOOKMARK [2][-]{subsection.5.4}{Integrales sobre curvas}{section.5}% 42
\BOOKMARK [3][-]{subsubsection.5.4.1}{Integral de funci\363n escalar sobre una curva}{subsection.5.4}% 43
\BOOKMARK [3][-]{subsubsection.5.4.2}{Integral de campo vectorial sobre una curva}{subsection.5.4}% 44
\BOOKMARK [3][-]{subsubsection.5.4.3}{Integrales en campos conservativos}{subsection.5.4}% 45
\BOOKMARK [2][-]{subsection.5.5}{Integrales sobre superficies}{section.5}% 46
\BOOKMARK [3][-]{subsubsection.5.5.1}{Integral de campo escalar sobre una superficie}{subsection.5.5}% 47
\BOOKMARK [3][-]{subsubsection.5.5.2}{Integral de campo vectorial sobre una superficie}{subsection.5.5}% 48
\BOOKMARK [2][-]{subsection.5.6}{Teoremas del an\341lisis vectorial}{section.5}% 49
