\BOOKMARK [1][-]{section.1}{Contenido de la asignatura}{}% 1
\BOOKMARK [2][-]{subsection.1.1}{Preliminares}{section.1}% 2
\BOOKMARK [2][-]{subsection.1.2}{Teorema funcion inversa, implicita y rango}{section.1}% 3
\BOOKMARK [2][-]{subsection.1.3}{M\355nimos y m\341ximos condicionados}{section.1}% 4
\BOOKMARK [2][-]{subsection.1.4}{Subvariedades diferenciales}{section.1}% 5
\BOOKMARK [2][-]{subsection.1.5}{Integraci\363n en subvariedades diferenciales}{section.1}% 6
\BOOKMARK [2][-]{subsection.1.6}{Teorema de Stokes}{section.1}% 7
\BOOKMARK [1][-]{section.2}{Preliminares del an\341lisis matem\341tico}{}% 8
\BOOKMARK [2][-]{subsection.2.1}{Producto escalar, norma y distancia}{section.2}% 9
\BOOKMARK [3][-]{subsubsection.2.1.1}{Relaci\363n norma - producto escalar}{subsection.2.1}% 10
\BOOKMARK [3][-]{subsubsection.2.1.2}{Equivalencia de normas}{subsection.2.1}% 11
\BOOKMARK [2][-]{subsection.2.2}{Topolog\355a}{section.2}% 12
\BOOKMARK [3][-]{subsubsection.2.2.1}{Conexi\363n}{subsection.2.2}% 13
\BOOKMARK [2][-]{subsection.2.3}{Funciones continuas, abiertos y cerrados}{section.2}% 14
\BOOKMARK [2][-]{subsection.2.4}{Aplicaciones lineales}{section.2}% 15
\BOOKMARK [2][-]{subsection.2.5}{Norma de matrices}{section.2}% 16
\BOOKMARK [2][-]{subsection.2.6}{L\355mites}{section.2}% 17
\BOOKMARK [1][-]{section.3}{Diferenciaci\363n}{}% 18
\BOOKMARK [2][-]{subsection.3.1}{Regla de la cadena: }{section.3}% 19
\BOOKMARK [2][-]{subsection.3.2}{Extensiones del teorema del Valor Medio}{section.3}% 20
\BOOKMARK [2][-]{subsection.3.3}{Derivada direccional: }{section.3}% 21
\BOOKMARK [2][-]{subsection.3.4}{Derivadas iteradas:}{section.3}% 22
\BOOKMARK [2][-]{subsection.3.5}{M\341ximos y m\355nimos}{section.3}% 23
\BOOKMARK [3][-]{subsubsection.3.5.1}{Resultados de \341lgebra lineal}{subsection.3.5}% 24
\BOOKMARK [3][-]{subsubsection.3.5.2}{Ejemplos}{subsection.3.5}% 25
\BOOKMARK [2][-]{subsection.3.6}{M\341ximos y m\355nimos absolutos}{section.3}% 26
\BOOKMARK [3][-]{subsubsection.3.6.1}{Ejemplos}{subsection.3.6}% 27
\BOOKMARK [2][-]{subsection.3.7}{Desarrollo de Taylor}{section.3}% 28
\BOOKMARK [1][-]{section.4}{Teoremas de la funci\363n impl\355cita y la funci\363n inversa}{}% 29
